Arguments: 
  C:\Program Files\nodejs\node.exe C:\Users\22832\AppData\Roaming\npm\node_modules\yarn\bin\yarn.js add lite-server

PATH: 
  C:\Windows\system32;C:\Windows;C:\Windows\System32\Wbem;C:\Windows\System32\WindowsPowerShell\v1.0\;C:\Windows\System32\OpenSSH\;C:\Program Files\Git\cmd;C:\Program Files\nodejs\;C:\Program Files\dotnet\;C:\Program Files\OpenVPN\bin;C:\Users\22832\AppData\Local\Microsoft\WindowsApps;;C:\Users\22832\AppData\Local\Programs\Microsoft VS Code\bin;C:\Users\22832\AppData\Roaming\npm

Yarn version: 
  1.22.10

Node version: 
  14.16.0

Platform: 
  win32 x64

Trace: 
  Error: connect ETIMEDOUT 104.16.20.35:443
      at TCPConnectWrap.afterConnect [as oncomplete] (net.js:1146:16)

npm manifest: 
  {
    "name": "f11de852a72b5b68",
    "main": "f11de852a72b5b68@3059.js",
    "version": "3059.0.0",
    "homepage": "https://observablehq.com/d/f11de852a72b5b68",
    "author": {
      "name": "有熊肖健",
      "url": "https://observablehq.com/@jxj322991"
    },
    "type": "module",
    "peerDependencies": {
      "@observablehq/runtime": "4"
    },
    "scripts": {
      "test": "echo \"Error: no test specified\" && exit 1",
      "dev": "lite-server"
    }
  }

yarn manifest: 
  No manifest

Lockfile: 
  No lockfile
